This is XeTeX, Version 3.141592653-2.6-0.999995 (TeX Live 2023) (preloaded format=xelatex 2025.11.15)  17 NOV 2025 11:29
entering extended mode
 \write18 enabled.
 %&-line parsing enabled.
**main.tex
(./main.tex
LaTeX2e <2022-11-01> patch level 1
L3 programming layer <2023-02-22>
(/usr/share/texlive/texmf-dist/tex/latex/base/report.cls
Document Class: report 2022/07/02 v1.4n Standard LaTeX document class
(/usr/share/texlive/texmf-dist/tex/latex/base/size10.clo
File: size10.clo 2022/07/02 v1.4n Standard LaTeX file (size option)
)
\c@part=\count181
\c@chapter=\count182
\c@section=\count183
\c@subsection=\count184
\c@subsubsection=\count185
\c@paragraph=\count186
\c@subparagraph=\count187
\c@figure=\count188
\c@table=\count189
\abovecaptionskip=\skip48
\belowcaptionskip=\skip49
\bibindent=\dimen140
)
(/usr/share/texlive/texmf-dist/tex/generic/babel/babel.sty
Package: babel 2023/02/13 3.86 The Babel package
\babel@savecnt=\count190
\U@D=\dimen141
\l@unhyphenated=\language48

(/usr/share/texlive/texmf-dist/tex/generic/babel/xebabel.def)
\bbl@readstream=\read2
\bbl@dirlevel=\count191

(/usr/share/texlive/texmf-dist/tex/generic/babel-italian/italian.ldf
Language: italian 2022/03/27 v.1.4.07 Italian support for the babel system
\it@lettering=\count192
\it@doublequoteactive=\count193
\it@ISOcompliance=\count194
))
(/usr/share/texlive/texmf-dist/tex/generic/babel/locale/it/babel-italian.tex
Package babel Info: Importing font and identification data for italian
(babel)             from babel-it.ini. Reported on input line 11.
)
(/usr/share/texlive/texmf-dist/tex/latex/etoolbox/etoolbox.sty
Package: etoolbox 2020/10/05 v2.5k e-TeX tools for LaTeX (JAW)
\etb@tempcnta=\count195
)
(/usr/share/texlive/texmf-dist/tex/latex/algorithms/algorithm.sty
Invalid UTF-8 byte or sequence at line 11 replaced by U+FFFD.
Package: algorithm 2009/08/24 v0.1 Document Style `algorithm' - floating enviro
nment

(/usr/share/texlive/texmf-dist/tex/latex/float/float.sty
Package: float 2001/11/08 v1.3d Float enhancements (AL)
\c@float@type=\count196
\float@exts=\toks16
\float@box=\box51
\@float@everytoks=\toks17
\@floatcapt=\box52
)
(/usr/share/texlive/texmf-dist/tex/latex/base/ifthen.sty
Package: ifthen 2022/04/13 v1.1d Standard LaTeX ifthen package (DPC)
)
\@float@every@algorithm=\toks18
\c@algorithm=\count197
)
(/usr/share/texlive/texmf-dist/tex/latex/algorithmicx/algpseudocode.sty
Package: algpseudocode 

(/usr/share/texlive/texmf-dist/tex/latex/algorithmicx/algorithmicx.sty
Package: algorithmicx 2005/04/27 v1.2 Algorithmicx

Document Style algorithmicx 1.2 - a greatly improved `algorithmic' style
\c@ALG@line=\count198
\c@ALG@rem=\count199
\c@ALG@nested=\count266
\ALG@tlm=\skip50
\ALG@thistlm=\skip51
\c@ALG@Lnr=\count267
\c@ALG@blocknr=\count268
\c@ALG@storecount=\count269
\c@ALG@tmpcounter=\count270
\ALG@tmplength=\skip52
)
Document Style - pseudocode environments for use with the `algorithmicx' style
) (/usr/share/texlive/texmf-dist/tex/generic/soul/soul.sty
Package: soul 2023-02-18 v3.0 Permit use of UTF-8 characters in soul (HO)

(/usr/share/texlive/texmf-dist/tex/generic/soul/soul-ori.sty
Package: soul-ori 2023-02-18 v3.0 letterspacing/underlining (mf)
\SOUL@word=\toks19
\SOUL@lasttoken=\toks20
\SOUL@syllable=\toks21
\SOUL@cmds=\toks22
\SOUL@buffer=\toks23
\SOUL@token=\toks24
\SOUL@syllgoal=\dimen142
\SOUL@syllwidth=\dimen143
\SOUL@charkern=\dimen144
\SOUL@hyphkern=\dimen145
\SOUL@dimen=\dimen146
\SOUL@dimeni=\dimen147
\SOUL@minus=\count271
\SOUL@comma=\count272
\SOUL@apo=\count273
\SOUL@grave=\count274
\SOUL@spaceskip=\skip53
\SOUL@ttwidth=\dimen148
\SOUL@uldp=\dimen149
\SOUL@ulht=\dimen150
)
(/usr/share/texlive/texmf-dist/tex/generic/infwarerr/infwarerr.sty
Package: infwarerr 2019/12/03 v1.5 Providing info/warning/error messages (HO)
)
(/usr/share/texlive/texmf-dist/tex/generic/etexcmds/etexcmds.sty
Package: etexcmds 2019/12/15 v1.7 Avoid name clashes with e-TeX commands (HO)

(/usr/share/texlive/texmf-dist/tex/generic/iftex/iftex.sty
Package: iftex 2022/02/03 v1.0f TeX engine tests
)))
(/usr/share/texlive/texmf-dist/tex/latex/amsmath/amsmath.sty
Package: amsmath 2022/04/08 v2.17n AMS math features
\@mathmargin=\skip54

For additional information on amsmath, use the `?' option.
(/usr/share/texlive/texmf-dist/tex/latex/amsmath/amstext.sty
Package: amstext 2021/08/26 v2.01 AMS text

(/usr/share/texlive/texmf-dist/tex/latex/amsmath/amsgen.sty
File: amsgen.sty 1999/11/30 v2.0 generic functions
\@emptytoks=\toks25
\ex@=\dimen151
))
(/usr/share/texlive/texmf-dist/tex/latex/amsmath/amsbsy.sty
Package: amsbsy 1999/11/29 v1.2d Bold Symbols
\pmbraise@=\dimen152
)
(/usr/share/texlive/texmf-dist/tex/latex/amsmath/amsopn.sty
Package: amsopn 2022/04/08 v2.04 operator names
)
\inf@bad=\count275
LaTeX Info: Redefining \frac on input line 234.
\uproot@=\count276
\leftroot@=\count277
LaTeX Info: Redefining \overline on input line 399.
LaTeX Info: Redefining \colon on input line 410.
\classnum@=\count278
\DOTSCASE@=\count279
LaTeX Info: Redefining \ldots on input line 496.
LaTeX Info: Redefining \dots on input line 499.
LaTeX Info: Redefining \cdots on input line 620.
\Mathstrutbox@=\box53
\strutbox@=\box54
LaTeX Info: Redefining \big on input line 722.
LaTeX Info: Redefining \Big on input line 723.
LaTeX Info: Redefining \bigg on input line 724.
LaTeX Info: Redefining \Bigg on input line 725.
\big@size=\dimen153
LaTeX Font Info:    Redeclaring font encoding OML on input line 743.
LaTeX Font Info:    Redeclaring font encoding OMS on input line 744.
\macc@depth=\count280
LaTeX Info: Redefining \bmod on input line 905.
LaTeX Info: Redefining \pmod on input line 910.
LaTeX Info: Redefining \smash on input line 940.
LaTeX Info: Redefining \relbar on input line 970.
LaTeX Info: Redefining \Relbar on input line 971.
\c@MaxMatrixCols=\count281
\dotsspace@=\muskip16
\c@parentequation=\count282
\dspbrk@lvl=\count283
\tag@help=\toks26
\row@=\count284
\column@=\count285
\maxfields@=\count286
\andhelp@=\toks27
\eqnshift@=\dimen154
\alignsep@=\dimen155
\tagshift@=\dimen156
\tagwidth@=\dimen157
\totwidth@=\dimen158
\lineht@=\dimen159
\@envbody=\toks28
\multlinegap=\skip55
\multlinetaggap=\skip56
\mathdisplay@stack=\toks29
LaTeX Info: Redefining \[ on input line 2953.
LaTeX Info: Redefining \] on input line 2954.
)
(/usr/share/texlive/texmf-dist/tex/latex/amsfonts/amssymb.sty
Package: amssymb 2013/01/14 v3.01 AMS font symbols

(/usr/share/texlive/texmf-dist/tex/latex/amsfonts/amsfonts.sty
Package: amsfonts 2013/01/14 v3.01 Basic AMSFonts support
\symAMSa=\mathgroup4
\symAMSb=\mathgroup5
LaTeX Font Info:    Redeclaring math symbol \hbar on input line 98.
LaTeX Font Info:    Overwriting math alphabet `\mathfrak' in version `bold'
(Font)                  U/euf/m/n --> U/euf/b/n on input line 106.
))
(/usr/share/texlive/texmf-dist/tex/latex/graphics/graphicx.sty
Package: graphicx 2021/09/16 v1.2d Enhanced LaTeX Graphics (DPC,SPQR)

(/usr/share/texlive/texmf-dist/tex/latex/graphics/keyval.sty
Package: keyval 2022/05/29 v1.15 key=value parser (DPC)
\KV@toks@=\toks30
)
(/usr/share/texlive/texmf-dist/tex/latex/graphics/graphics.sty
Package: graphics 2022/03/10 v1.4e Standard LaTeX Graphics (DPC,SPQR)

(/usr/share/texlive/texmf-dist/tex/latex/graphics/trig.sty
Package: trig 2021/08/11 v1.11 sin cos tan (DPC)
)
(/usr/share/texlive/texmf-dist/tex/latex/graphics-cfg/graphics.cfg
File: graphics.cfg 2016/06/04 v1.11 sample graphics configuration
)
Package graphics Info: Driver file: xetex.def on input line 107.

(/usr/share/texlive/texmf-dist/tex/latex/graphics-def/xetex.def
File: xetex.def 2022/09/22 v5.0n Graphics/color driver for xetex
))
\Gin@req@height=\dimen160
\Gin@req@width=\dimen161
)
(/usr/share/texlive/texmf-dist/tex/latex/geometry/geometry.sty
Package: geometry 2020/01/02 v5.9 Page Geometry

(/usr/share/texlive/texmf-dist/tex/generic/iftex/ifvtex.sty
Package: ifvtex 2019/10/25 v1.7 ifvtex legacy package. Use iftex instead.
)
\Gm@cnth=\count287
\Gm@cntv=\count288
\c@Gm@tempcnt=\count289
\Gm@bindingoffset=\dimen162
\Gm@wd@mp=\dimen163
\Gm@odd@mp=\dimen164
\Gm@even@mp=\dimen165
\Gm@layoutwidth=\dimen166
\Gm@layoutheight=\dimen167
\Gm@layouthoffset=\dimen168
\Gm@layoutvoffset=\dimen169
\Gm@dimlist=\toks31
)
(/usr/share/texlive/texmf-dist/tex/latex/tools/xspace.sty
Package: xspace 2014/10/28 v1.13 Space after command names (DPC,MH)
)
\c@definition=\count290
\c@theorem=\count291
\c@lemma=\count292
\c@proof=\count293

(/usr/share/texlive/texmf-dist/tex/latex/l3backend/l3backend-xetex.def
File: l3backend-xetex.def 2023-01-16 L3 backend support: XeTeX
\g__graphics_track_int=\count294
\l__pdf_internal_box=\box55
\g__pdf_backend_object_int=\count295
\g__pdf_backend_annotation_int=\count296
\g__pdf_backend_link_int=\count297
)
(./main.aux

LaTeX Warning: Label `alg:cap' multiply defined.


LaTeX Warning: Label `alg:cap' multiply defined.


LaTeX Warning: Label `alg:cap' multiply defined.


LaTeX Warning: Label `alg:cap' multiply defined.

)
\openout1 = `main.aux'.

LaTeX Font Info:    Checking defaults for OML/cmm/m/it on input line 17.
LaTeX Font Info:    ... okay on input line 17.
LaTeX Font Info:    Checking defaults for OMS/cmsy/m/n on input line 17.
LaTeX Font Info:    ... okay on input line 17.
LaTeX Font Info:    Checking defaults for OT1/cmr/m/n on input line 17.
LaTeX Font Info:    ... okay on input line 17.
LaTeX Font Info:    Checking defaults for T1/cmr/m/n on input line 17.
LaTeX Font Info:    ... okay on input line 17.
LaTeX Font Info:    Checking defaults for TS1/cmr/m/n on input line 17.
LaTeX Font Info:    Trying to load font information for TS1+cmr on input line 1
7.
 (/usr/share/texlive/texmf-dist/tex/latex/base/ts1cmr.fd
File: ts1cmr.fd 2022/07/10 v2.5l Standard LaTeX font definitions
)
LaTeX Font Info:    ... okay on input line 17.
LaTeX Font Info:    Checking defaults for TU/lmr/m/n on input line 17.
LaTeX Font Info:    ... okay on input line 17.
LaTeX Font Info:    Checking defaults for OMX/cmex/m/n on input line 17.
LaTeX Font Info:    ... okay on input line 17.
LaTeX Font Info:    Checking defaults for U/cmr/m/n on input line 17.
LaTeX Font Info:    ... okay on input line 17.

*geometry* driver: auto-detecting
*geometry* detected driver: xetex
*geometry* verbose mode - [ preamble ] result:
* driver: xetex
* paper: <default>
* layout: <same size as paper>
* layoutoffset:(h,v)=(0.0pt,0.0pt)
* modes: 
* h-part:(L,W,R)=(92.14519pt, 430.00462pt, 92.14519pt)
* v-part:(T,H,B)=(95.39737pt, 556.47656pt, 143.09605pt)
* \paperwidth=614.295pt
* \paperheight=794.96999pt
* \textwidth=430.00462pt
* \textheight=556.47656pt
* \oddsidemargin=19.8752pt
* \evensidemargin=19.8752pt
* \topmargin=-13.87262pt
* \headheight=12.0pt
* \headsep=25.0pt
* \topskip=10.0pt
* \footskip=30.0pt
* \marginparwidth=65.0pt
* \marginparsep=11.0pt
* \columnsep=10.0pt
* \skip\footins=9.0pt plus 4.0pt minus 2.0pt
* \hoffset=0.0pt
* \voffset=0.0pt
* \mag=1000
* \@twocolumnfalse
* \@twosidefalse
* \@mparswitchfalse
* \@reversemarginfalse
* (1in=72.27pt=25.4mm, 1cm=28.453pt)

[1


]
LaTeX Font Info:    Trying to load font information for U+msa on input line 25.

 (/usr/share/texlive/texmf-dist/tex/latex/amsfonts/umsa.fd
File: umsa.fd 2013/01/14 v3.01 AMS symbols A
)
LaTeX Font Info:    Trying to load font information for U+msb on input line 25.


(/usr/share/texlive/texmf-dist/tex/latex/amsfonts/umsb.fd
File: umsb.fd 2013/01/14 v3.01 AMS symbols B
) [1] (./main.toc
[1

] [2])
\tf@toc=\write3
\openout3 = `main.toc'.

 (./chapters/chapter1.tex [3]
Capitolo 1.
[4

] [5] [6] [7]) (./chapters/chapter2 - crittogradia in cascata.tex [8]
Capitolo 2.
[9

]
File: images/1.png Graphic file (type bmp)
<images/1.png>
 [10]
File: images/2.png Graphic file (type bmp)
<images/2.png>
 [11]
Underfull \hbox (badness 10000) in paragraph at lines 63--65

 []

File: images/3.png Graphic file (type bmp)
<images/3.png>
[12]
Underfull \hbox (badness 10000) in paragraph at lines 82--84

 []

[13]
Underfull \hbox (badness 10000) in paragraph at lines 85--86

 []

File: images/4.png Graphic file (type bmp)
<images/4.png>
File: images/5.png Graphic file (type bmp)
<images/5.png>
[14]) (./chapters/chapter3 - cenni alla teoria dei numeri.tex [15]
Capitolo 3.
[16

] [17] [18]
Underfull \hbox (badness 10000) in paragraph at lines 161--162

 []

[19]
Underfull \hbox (badness 10000) in paragraph at lines 182--183

 []


Underfull \hbox (badness 10000) in paragraph at lines 202--203

 []

File: images/6.png Graphic file (type bmp)
<images/6.png>
[20] [21]
Underfull \hbox (badness 10000) in paragraph at lines 259--260

 []

[22]
Underfull \hbox (badness 10000) in paragraph at lines 325--326

 []

[23] [24] [25] [26]) (./chapters/chapter4 - crittografia a chiave pubblica.tex
[27] [28]
Capitolo 4.

Underfull \hbox (badness 10000) in paragraph at lines 4--5

 []

[29

]
Underfull \hbox (badness 10000) in paragraph at lines 43--44

 []

[30] [31]
Overfull \hbox (3.78224pt too wide) in paragraph at lines 114--115
[]\TU/lmr/m/it/10 Siano $\OML/cmm/m/it/10 p; q$ \TU/lmr/m/it/10 due numeri prim
i distinti e sia $\OML/cmm/m/it/10 g \OT1/cmr/m/n/10 = \OML/cmm/m/it/10 MCD\OT1
/cmr/m/n/10 (\OML/cmm/m/it/10 p \OMS/cmsy/m/n/10 ^^@
 []

[32] [33] [34]
Underfull \hbox (badness 10000) in paragraph at lines 210--211

 []

) (./chapters/chapter5 - crittografia a blocchi.tex [35]
Capitolo 5.
File: images/ECB.png Graphic file (type bmp)
<images/ECB.png>
[36

]
File: images/CTR.png Graphic file (type bmp)
<images/CTR.png>
File: images/CBC.png Graphic file (type bmp)
<images/CBC.png>
 [37]
File: images/CF.png Graphic file (type bmp)
<images/CF.png>
 [38]
File: images/OF.png Graphic file (type bmp)
<images/OF.png>
) (./chapters/chapter6 - codifica di un singolo bit.tex [39]
Capitolo 6.
[40

] [41] [42] [43] [44]
Underfull \hbox (badness 10000) in paragraph at lines 182--183

 []

[45] [46]) (./chapters/chapter7 - codifica di sequenze di bit.tex [47]
Capitolo 7.

Underfull \hbox (badness 10000) in paragraph at lines 12--13

 []

[48

] [49] [50] [51] [52]
Underfull \hbox (badness 10000) in paragraph at lines 182--184

 []

) (./chapters/chapter8 - lancio della moneta e hard core predicate.tex [53]
Capitolo 8.

Underfull \hbox (badness 10000) in paragraph at lines 7--8

 []

[54

] [55] [56] [57]
Underfull \hbox (badness 10000) in paragraph at lines 120--121

 []


Underfull \hbox (badness 10000) in paragraph at lines 122--123

 []


Underfull \hbox (badness 10000) in paragraph at lines 144--145

 []


Underfull \hbox (badness 10000) in paragraph at lines 151--152

 []

[58] [59] [60] [61] [62] [63]
File: images/7.png Graphic file (type bmp)
<images/7.png>

Underfull \hbox (badness 10000) in paragraph at lines 310--312

 []

[64]
Underfull \hbox (badness 10000) in paragraph at lines 335--336

 []

) (./chapters/chapter9 - generatori pseudocasuali.tex [65]
Capitolo 9.
[66

] [67] [68] [69] [70] [71] [72] [73]
Underfull \hbox (badness 10000) in paragraph at lines 285--286

 []

[74] [75]) (./chapters/chapter10 - funzioni pseudocasuali.tex [76]
Capitolo 10.
[77

]
File: images/fun1.png Graphic file (type bmp)
<images/fun1.png>
File: images/fun1-1.png Graphic file (type bmp)
<images/fun1-1.png>
File: images/fun1-2.png Graphic file (type bmp)
<images/fun1-2.png>
 [78]
File: images/fun2.png Graphic file (type bmp)
<images/fun2.png>
 [79]
File: images/fun3.png Graphic file (type bmp)
<images/fun3.png>
 [80] [81] [82]
File: images/fun2.png Graphic file (type bmp)
<images/fun2.png>
 [83]
File: images/fun5-1.png Graphic file (type bmp)
<images/fun5-1.png>
File: images/fun5-2.png Graphic file (type bmp)
<images/fun5-2.png>
 [84]
File: images/fun5-3.png Graphic file (type bmp)
<images/fun5-3.png>
 [85]
Underfull \hbox (badness 10000) in paragraph at lines 249--251

 []

File: images/fun5-4.png Graphic file (type bmp)
<images/fun5-4.png>
[86]
Overfull \hbox (25.12999pt too wide) in paragraph at lines 302--303
[][] 
 []

[87]) (./chapters/chapter11 - autenticazione di messaggi.tex [88]
Capitolo 11.
[89

]
Underfull \hbox (badness 10000) in paragraph at lines 40--42

 []


Underfull \hbox (badness 10000) in paragraph at lines 43--46

 []


Underfull \hbox (badness 10000) in paragraph at lines 47--48

 []

[90]
Underfull \hbox (badness 10000) in paragraph at lines 81--82

 []


Underfull \hbox (badness 10000) in paragraph at lines 109--111

 []


Overfull \hbox (25.12999pt too wide) in paragraph at lines 116--117
[][] 
 []

[91]
Underfull \hbox (badness 10000) in paragraph at lines 134--136

 []

[92] [93]
Underfull \hbox (badness 10000) in paragraph at lines 193--195

 []

[94]
Underfull \hbox (badness 10000) in paragraph at lines 260--261

 []

[95]
Underfull \hbox (badness 10000) in paragraph at lines 270--272

 []


Underfull \hbox (badness 10000) in paragraph at lines 297--299

 []

) (./chapters/chapter12 - protocolli vari.tex [96]
Capitolo 12.
[97

]
Underfull \hbox (badness 10000) in paragraph at lines 39--42

 []

[98]
Underfull \hbox (badness 10000) in paragraph at lines 65--67

 []


Underfull \hbox (badness 10000) in paragraph at lines 89--91

 []

[99]
Underfull \hbox (badness 10000) in paragraph at lines 118--120

 []

[100]
Underfull \hbox (badness 10000) in paragraph at lines 149--151

 []

File: images/12-3.png Graphic file (type bmp)
<images/12-3.png>
[101]
Underfull \hbox (badness 10000) in paragraph at lines 184--186

 []


Underfull \hbox (badness 10000) in paragraph at lines 189--191

 []

File: images/12-3-1.png Graphic file (type bmp)
<images/12-3-1.png>

Underfull \hbox (badness 10000) in paragraph at lines 203--204

 []

[102] [103]
Underfull \hbox (badness 10000) in paragraph at lines 219--221

 []

) (./chapters/chapter13 - zero knowledge.tex [104]
Capitolo 13.

Underfull \hbox (badness 10000) in paragraph at lines 6--8

 []

File: images/13-1.png Graphic file (type bmp)
<images/13-1.png>
[105

] [106]
Underfull \hbox (badness 10000) in paragraph at lines 36--38

 []


Underfull \hbox (badness 10000) in paragraph at lines 56--58

 []

[107]
Underfull \hbox (badness 10000) in paragraph at lines 101--103

 []

[108]
Underfull \hbox (badness 10000) in paragraph at lines 134--136

 []


Underfull \hbox (badness 10000) in paragraph at lines 143--145

 []

[109]
Underfull \hbox (badness 10000) in paragraph at lines 154--156

 []


Underfull \hbox (badness 10000) in paragraph at lines 164--166

 []

[110]
Underfull \hbox (badness 10000) in paragraph at lines 218--220

 []

[111]
Underfull \hbox (badness 10000) in paragraph at lines 234--236

 []

) [112] (./main.aux)

LaTeX Warning: There were multiply-defined labels.

 ) 
Here is how much of TeX's memory you used:
 5573 strings out of 477887
 90556 string characters out of 5827407
 1865018 words of memory out of 6000000
 25614 multiletter control sequences out of 15000+600000
 520657 words of font info for 86 fonts, out of 8000000 for 9000
 430 hyphenation exceptions out of 8191
 55i,24n,62p,1417b,395s stack positions out of 10000i,1000n,20000p,200000b,200000s

Output written on main.pdf (114 pages).
